<?xml version="1.0" encoding="UTF-8"?>
<testng-results ignored="0" total="1" passed="1" failed="0" skipped="0">
  <reporter-output>
  </reporter-output>
  <suite started-at="2021-05-11T09:57:14Z" name="Page_Object_Model" finished-at="2021-05-11T09:57:18Z" duration-ms="4097">
    <groups>
    </groups>
    <test started-at="2021-05-11T09:57:14Z" name="Login Test" finished-at="2021-05-11T09:57:18Z" duration-ms="4097">
      <class name="am.testcases.LoginTest">
        <test-method signature="loginTest()[pri:0, instance:am.testcases.LoginTest@b93aad]" started-at="2021-05-11T15:27:14Z" name="loginTest" finished-at="2021-05-11T15:27:17Z" duration-ms="3096" status="PASS">
          <reporter-output>
          </reporter-output>
        </test-method> <!-- loginTest -->
        <test-method is-config="true" signature="tearDown()[pri:0, instance:am.testcases.LoginTest@b93aad]" started-at="2021-05-11T15:27:18Z" name="tearDown" finished-at="2021-05-11T15:27:19Z" duration-ms="1222" status="PASS">
          <reporter-output>
          </reporter-output>
        </test-method> <!-- tearDown -->
      </class> <!-- am.testcases.LoginTest -->
    </test> <!-- Login Test -->
  </suite> <!-- Page_Object_Model -->
</testng-results>
