<?xml version="1.0" encoding="UTF-8"?>
<!-- Generated by org.testng.reporters.JUnitXMLReporter -->
<testsuite ignored="0" hostname="DESKTOP-AIFHKEE" failures="1" tests="1" name="Login Test" time="6.34" errors="0" timestamp="12 May 2021 13:31:52 GMT">
  <testcase classname="am.testcases.LoginTest" name="loginTest" time="3.055">
    <failure type="java.lang.AssertionError" message="LoginTest Failed">
      <![CDATA[java.lang.AssertionError: LoginTest Failed
	at am.testcases.LoginTest.loginTest(LoginTest.java:21)
... Removed 26 stack frames]]>
    </failure>
  </testcase> <!-- loginTest -->
</testsuite> <!-- Login Test -->
